Base path: C:/Program Files/Unity/Editor/Data
<<<<<<< Updated upstream
<<<<<<< HEAD
<<<<<<< Updated upstream
Pipe name: \\.\pipe\UnityShaderCompiler-32bit-1-7412
=======
Pipe name: \\.\pipe\UnityShaderCompiler-32bit-1-5564
>>>>>>> Stashed changes
=======
<<<<<<< HEAD
Pipe name: \\.\pipe\UnityShaderCompiler-32bit-1-3484
=======
<<<<<<< HEAD
Pipe name: \\.\pipe\UnityShaderCompiler-32bit-1-3276
=======
Pipe name: \\.\pipe\UnityShaderCompiler-32bit-1-8952
>>>>>>> 4e570f7d9defda8d0bc993b2c030a35d4493a64a
>>>>>>> 27c166f62b4fe2b6932b03f18ac059b103707124
>>>>>>> 7f1e8d62fefcacb586538bf5fa8ad2aa0133dd1d
=======
Pipe name: \\.\pipe\UnityShaderCompiler-32bit-1-5564
>>>>>>> Stashed changes
Cmd: getPlatforms
Unhandled exception: Readfile from pipe failed. GLE=The pipe has been ended.


Quitting shader compiler process

Crashed!
